04/17/23 01:38:26 AM: INFO: SWIFT PROTECT -> LOGIN TEST INITIATED
04/17/23 01:38:37 AM: INFO: SWIFT PROTECT -> LOGIN CREDENTIALS ENTERED
04/17/23 01:38:52 AM: INFO: SWIFT PROTECT -> LOGIN FUNCTION SUCCESSFUL
04/17/23 01:39:13 AM: INFO: SWIFT PROTECT -> FIELD INTERVIEW TEST INITIATED
04/17/23 01:39:27 AM: INFO: SWIFT PROTECT -> FIELD INTERVIEW PAGE DATA SUCCESSFULLY ENTERED
04/17/23 01:39:33 AM: INFO: SWIFT PROTECT -> SUBJECT DETAILS DATA SUCCESSFULLY ENTERED
04/17/23 01:39:38 AM: INFO: SWIFT PROTECT -> OTHER DETAILS DATA SUCCESSFULLY ENTERED
04/17/23 01:39:45 AM: INFO: SWIFT PROTECT -> ADDRESS DATA SUCCESSFULLY ENTERED
04/17/23 01:39:50 AM: INFO: SWIFT PROTECT -> VEHICLE DATA SUCCESSFULLY ENTERED
04/17/23 01:40:12 AM: INFO: SWIFT PROTECT -> SEARCH DATA TEST INITIATED
04/17/23 01:40:47 AM: INFO: SWIFT PROTECT -> SEARCH DATA TEST INITIATED
04/17/23 01:41:07 AM: INFO: SWIFT PROTECT -> TEST DATA SUCCESSFULLY CAPTURED AND STORED
04/17/23 02:18:01 AM: INFO: SWIFT PROTECT -> LOGIN TEST INITIATED
04/17/23 02:18:08 AM: INFO: SWIFT PROTECT -> LOGIN CREDENTIALS ENTERED
04/17/23 02:18:12 AM: INFO: SWIFT PROTECT -> LOGIN FUNCTION SUCCESSFUL
04/17/23 02:20:33 AM: INFO: SWIFT PROTECT -> LOGIN TEST INITIATED
04/17/23 02:20:40 AM: INFO: SWIFT PROTECT -> LOGIN CREDENTIALS ENTERED
04/17/23 02:20:44 AM: INFO: SWIFT PROTECT -> LOGIN FUNCTION SUCCESSFUL
04/17/23 02:21:17 AM: INFO: SWIFT PROTECT -> FIELD INTERVIEW TEST INITIATED
04/17/23 02:21:31 AM: INFO: SWIFT PROTECT -> FIELD INTERVIEW PAGE DATA SUCCESSFULLY ENTERED
04/17/23 02:21:41 AM: INFO: SWIFT PROTECT -> SUBJECT DETAILS DATA SUCCESSFULLY ENTERED
04/17/23 02:21:51 AM: INFO: SWIFT PROTECT -> OTHER DETAILS DATA SUCCESSFULLY ENTERED
04/17/23 02:21:58 AM: INFO: SWIFT PROTECT -> ADDRESS DATA SUCCESSFULLY ENTERED
04/17/23 02:22:07 AM: INFO: SWIFT PROTECT -> VEHICLE DATA SUCCESSFULLY ENTERED
04/17/23 02:23:19 AM: INFO: SWIFT PROTECT -> SEARCH DATA TEST INITIATED
04/17/23 02:23:43 AM: INFO: SWIFT PROTECT -> TEST DATA SUCCESSFULLY CAPTURED AND STORED
04/17/23 09:10:41 AM: INFO: SWIFT PROTECT -> LOGIN TEST INITIATED
04/17/23 09:10:56 AM: INFO: SWIFT PROTECT -> LOGIN CREDENTIALS ENTERED
04/17/23 09:11:06 AM: INFO: SWIFT PROTECT -> LOGIN FUNCTION SUCCESSFUL
04/17/23 09:11:32 AM: INFO: SWIFT PROTECT -> FIELD INTERVIEW TEST INITIATED
04/17/23 09:11:49 AM: INFO: SWIFT PROTECT -> FIELD INTERVIEW PAGE DATA SUCCESSFULLY ENTERED
04/17/23 09:11:58 AM: INFO: SWIFT PROTECT -> SUBJECT DETAILS DATA SUCCESSFULLY ENTERED
04/17/23 09:12:05 AM: INFO: SWIFT PROTECT -> OTHER DETAILS DATA SUCCESSFULLY ENTERED
04/17/23 09:12:10 AM: INFO: SWIFT PROTECT -> ADDRESS DATA SUCCESSFULLY ENTERED
04/17/23 09:12:17 AM: INFO: SWIFT PROTECT -> VEHICLE DATA SUCCESSFULLY ENTERED
04/17/23 09:12:43 AM: INFO: SWIFT PROTECT -> SEARCH DATA TEST INITIATED
04/17/23 09:13:05 AM: INFO: SWIFT PROTECT -> TEST DATA SUCCESSFULLY CAPTURED AND STORED
04/17/23 09:23:14 AM: INFO: SWIFT PROTECT -> SEARCH DATA TEST INITIATED
04/17/23 09:25:55 AM: INFO: SWIFT PROTECT -> SEARCH DATA TEST INITIATED
04/17/23 09:26:17 AM: INFO: SWIFT PROTECT -> TEST DATA SUCCESSFULLY CAPTURED AND STORED
04/17/23 09:43:50 AM: INFO: SWIFT PROTECT -> SEARCH DATA TEST INITIATED
04/17/23 09:44:10 AM: INFO: SWIFT PROTECT -> TEST DATA SUCCESSFULLY CAPTURED AND STORED
04/17/23 09:45:17 AM: INFO: SWIFT PROTECT -> SEARCH DATA TEST INITIATED
04/17/23 09:45:36 AM: INFO: SWIFT PROTECT -> TEST DATA SUCCESSFULLY CAPTURED AND STORED
04/17/23 01:35:30 PM: INFO: SWIFT PROTECT -> SEARCH DATA TEST INITIATED
04/17/23 01:35:58 PM: INFO: SWIFT PROTECT -> TEST DATA SUCCESSFULLY CAPTURED AND STORED
04/17/23 01:41:40 PM: INFO: SWIFT PROTECT -> SEARCH DATA TEST INITIATED
04/17/23 01:42:01 PM: INFO: SWIFT PROTECT -> TEST DATA SUCCESSFULLY CAPTURED AND STORED
04/17/23 01:43:00 PM: INFO: SWIFT PROTECT -> SEARCH DATA TEST INITIATED
04/17/23 01:43:20 PM: INFO: SWIFT PROTECT -> TEST DATA SUCCESSFULLY CAPTURED AND STORED
04/17/23 01:48:03 PM: INFO: SWIFT PROTECT -> SEARCH DATA TEST INITIATED
04/17/23 01:48:21 PM: INFO: SWIFT PROTECT -> TEST DATA SUCCESSFULLY CAPTURED AND STORED
04/17/23 01:48:56 PM: INFO: SWIFT PROTECT -> SEARCH DATA TEST INITIATED
04/17/23 01:49:15 PM: INFO: SWIFT PROTECT -> TEST DATA SUCCESSFULLY CAPTURED AND STORED
04/17/23 01:53:33 PM: INFO: SWIFT PROTECT -> SEARCH DATA TEST INITIATED
04/17/23 01:53:52 PM: INFO: SWIFT PROTECT -> TEST DATA SUCCESSFULLY CAPTURED AND STORED
04/17/23 01:55:09 PM: INFO: SWIFT PROTECT -> SEARCH DATA TEST INITIATED
04/17/23 01:55:31 PM: INFO: SWIFT PROTECT -> TEST DATA SUCCESSFULLY CAPTURED AND STORED
04/17/23 01:56:34 PM: INFO: SWIFT PROTECT -> SEARCH DATA TEST INITIATED
04/17/23 01:56:55 PM: INFO: SWIFT PROTECT -> TEST DATA SUCCESSFULLY CAPTURED AND STORED
04/17/23 03:35:03 PM: INFO: SWIFT PROTECT -> LOGIN TEST INITIATED
04/17/23 03:42:33 PM: INFO: SWIFT PROTECT -> LOGIN TEST INITIATED
04/17/23 04:12:28 PM: INFO: SWIFT PROTECT -> LOGIN TEST INITIATED
04/17/23 04:31:35 PM: INFO: SWIFT PROTECT -> LOGIN TEST INITIATED
04/17/23 04:31:54 PM: INFO: SWIFT PROTECT -> LOGIN CREDENTIALS ENTERED
04/17/23 04:32:02 PM: INFO: SWIFT PROTECT -> LOGIN FUNCTION SUCCESSFUL
04/17/23 04:32:17 PM: INFO: SWIFT PROTECT -> FIELD INTERVIEW TEST INITIATED
04/17/23 04:32:35 PM: INFO: SWIFT PROTECT -> FIELD INTERVIEW PAGE DATA SUCCESSFULLY ENTERED
04/17/23 04:33:04 PM: INFO: SWIFT PROTECT -> SEARCH DATA TEST INITIATED
04/17/23 04:34:53 PM: INFO: SWIFT PROTECT -> LOGIN TEST INITIATED
04/17/23 04:35:00 PM: INFO: SWIFT PROTECT -> LOGIN CREDENTIALS ENTERED
04/17/23 04:35:15 PM: INFO: SWIFT PROTECT -> LOGIN FUNCTION SUCCESSFUL
04/17/23 04:35:50 PM: INFO: SWIFT PROTECT -> FIELD INTERVIEW TEST INITIATED
04/17/23 04:36:00 PM: INFO: SWIFT PROTECT -> FIELD INTERVIEW PAGE DATA SUCCESSFULLY ENTERED
04/17/23 04:36:07 PM: INFO: SWIFT PROTECT -> SUBJECT DETAILS DATA SUCCESSFULLY ENTERED
04/17/23 04:36:12 PM: INFO: SWIFT PROTECT -> OTHER DETAILS DATA SUCCESSFULLY ENTERED
04/17/23 04:36:17 PM: INFO: SWIFT PROTECT -> ADDRESS DATA SUCCESSFULLY ENTERED
04/17/23 04:36:23 PM: INFO: SWIFT PROTECT -> VEHICLE DATA SUCCESSFULLY ENTERED
04/17/23 04:37:03 PM: INFO: SWIFT PROTECT -> SEARCH DATA TEST INITIATED
04/17/23 04:37:27 PM: INFO: SWIFT PROTECT -> TEST DATA SUCCESSFULLY CAPTURED AND STORED
04/17/23 04:38:16 PM: INFO: SWIFT PROTECT -> LOGIN TEST INITIATED
04/17/23 04:38:28 PM: INFO: SWIFT PROTECT -> LOGIN CREDENTIALS ENTERED
04/17/23 04:38:35 PM: INFO: SWIFT PROTECT -> LOGIN FUNCTION SUCCESSFUL
04/17/23 04:39:04 PM: INFO: SWIFT PROTECT -> FIELD INTERVIEW TEST INITIATED
04/17/23 04:39:18 PM: INFO: SWIFT PROTECT -> FIELD INTERVIEW PAGE DATA SUCCESSFULLY ENTERED
04/17/23 04:39:24 PM: INFO: SWIFT PROTECT -> SUBJECT DETAILS DATA SUCCESSFULLY ENTERED
04/17/23 04:39:30 PM: INFO: SWIFT PROTECT -> OTHER DETAILS DATA SUCCESSFULLY ENTERED
04/17/23 04:39:33 PM: INFO: SWIFT PROTECT -> ADDRESS DATA SUCCESSFULLY ENTERED
04/17/23 04:39:38 PM: INFO: SWIFT PROTECT -> VEHICLE DATA SUCCESSFULLY ENTERED
04/17/23 04:40:14 PM: INFO: SWIFT PROTECT -> SEARCH DATA TEST INITIATED
04/17/23 04:53:17 PM: INFO: SWIFT PROTECT -> LOGIN TEST INITIATED
04/17/23 04:53:27 PM: INFO: SWIFT PROTECT -> LOGIN CREDENTIALS ENTERED
04/17/23 04:53:41 PM: INFO: SWIFT PROTECT -> LOGIN FUNCTION SUCCESSFUL
04/21/23 12:17:56 PM: INFO: SWIFT PROTECT -> FIELD INTERVIEW TEST INITIATED
04/21/23 12:19:09 PM: INFO: SWIFT PROTECT -> FIELD INTERVIEW TEST INITIATED
04/21/23 12:27:10 PM: INFO: SWIFT PROTECT -> FIELD INTERVIEW TEST INITIATED
04/21/23 12:29:30 PM: INFO: SWIFT PROTECT -> FIELD INTERVIEW TEST INITIATED
04/21/23 12:30:15 PM: INFO: SWIFT PROTECT -> FIELD INTERVIEW TEST INITIATED
04/21/23 12:33:20 PM: INFO: SWIFT PROTECT -> FIELD INTERVIEW TEST INITIATED
04/24/23 04:34:53 PM: INFO: SWIFT PROTECT -> FIELD INTERVIEW TEST INITIATED
04/24/23 04:35:10 PM: INFO: SWIFT PROTECT -> FIELD INTERVIEW PAGE DATA SUCCESSFULLY ENTERED
04/24/23 04:42:45 PM: INFO: SWIFT PROTECT -> FIELD INTERVIEW TEST INITIATED
04/24/23 04:42:55 PM: INFO: SWIFT PROTECT -> FIELD INTERVIEW PAGE DATA SUCCESSFULLY ENTERED
04/24/23 04:42:59 PM: INFO: SWIFT PROTECT -> SUBJECT DETAILS DATA SUCCESSFULLY ENTERED
04/24/23 05:07:13 PM: INFO: SWIFT PROTECT -> FIELD INTERVIEW TEST INITIATED
04/24/23 05:07:23 PM: INFO: SWIFT PROTECT -> FIELD INTERVIEW PAGE DATA SUCCESSFULLY ENTERED
04/24/23 05:07:29 PM: INFO: SWIFT PROTECT -> SUBJECT DETAILS DATA SUCCESSFULLY ENTERED
04/24/23 05:07:34 PM: INFO: SWIFT PROTECT -> OTHER DETAILS DATA SUCCESSFULLY ENTERED
04/24/23 05:07:38 PM: INFO: SWIFT PROTECT -> ADDRESS DATA SUCCESSFULLY ENTERED
04/24/23 05:07:44 PM: INFO: SWIFT PROTECT -> VEHICLE DATA SUCCESSFULLY ENTERED
04/24/23 05:09:29 PM: INFO: SWIFT PROTECT -> FIELD INTERVIEW TEST INITIATED
04/24/23 05:09:38 PM: INFO: SWIFT PROTECT -> FIELD INTERVIEW PAGE DATA SUCCESSFULLY ENTERED
04/24/23 05:09:42 PM: INFO: SWIFT PROTECT -> SUBJECT DETAILS DATA SUCCESSFULLY ENTERED
04/24/23 05:09:47 PM: INFO: SWIFT PROTECT -> OTHER DETAILS DATA SUCCESSFULLY ENTERED
04/24/23 05:09:50 PM: INFO: SWIFT PROTECT -> ADDRESS DATA SUCCESSFULLY ENTERED
04/24/23 05:09:55 PM: INFO: SWIFT PROTECT -> VEHICLE DATA SUCCESSFULLY ENTERED
04/24/23 05:21:39 PM: INFO: SWIFT PROTECT -> SEARCH DATA TEST INITIATED
04/24/23 05:38:33 PM: INFO: SWIFT PROTECT -> SEARCH DATA TEST INITIATED
04/24/23 05:39:25 PM: INFO: SWIFT PROTECT -> SEARCH DATA TEST INITIATED
04/24/23 05:40:36 PM: INFO: SWIFT PROTECT -> SEARCH DATA TEST INITIATED
04/24/23 05:41:27 PM: INFO: SWIFT PROTECT -> SEARCH DATA TEST INITIATED
04/24/23 05:44:11 PM: INFO: SWIFT PROTECT -> SEARCH DATA TEST INITIATED
04/24/23 05:45:49 PM: INFO: SWIFT PROTECT -> SEARCH DATA TEST INITIATED
04/24/23 05:49:04 PM: INFO: SWIFT PROTECT -> SEARCH DATA TEST INITIATED
04/24/23 05:59:45 PM: INFO: SWIFT PROTECT -> SEARCH DATA TEST INITIATED
